<?xml version="1.0" encoding="UTF-8"?>
<!-- Generated by org.testng.reporters.JUnitReportReporter -->
<testsuite name="com.learnautomation.testcases.LoginTestCRM_Invalid" tests="1" time="0.005" ignored="0" failures="0" timestamp="15 Dec 2020 02:17:24 GMT" skipped="1" hostname="DESKTOP-5E679P0" errors="0">
  <testcase name="loginApp" time="0.005" classname="com.learnautomation.testcases.LoginTestCRM_Invalid">
    <skipped/>
  </testcase> <!-- loginApp -->
</testsuite> <!-- com.learnautomation.testcases.LoginTestCRM_Invalid -->
