<?xml version="1.0" encoding="UTF-8"?>
<!-- Generated by org.testng.reporters.JUnitReportReporter -->
<testsuite name="com.learnautomation.testcases.sample" tests="1" time="0.026" ignored="0" failures="0" timestamp="23 Dec 2020 03:13:06 GMT" skipped="0" hostname="DESKTOP-5E679P0" errors="0">
  <testcase name="loginApp" time="0.026" classname="com.learnautomation.testcases.sample"/>
</testsuite> <!-- com.learnautomation.testcases.sample -->
