<?xml version="1.0" encoding="UTF-8"?>
<!-- Generated by org.testng.reporters.JUnitReportReporter -->
<testsuite name="com.learnautomation.testcases.LoginTestCRM" tests="1" time="4.763" ignored="0" failures="0" timestamp="21 Dec 2020 01:26:42 GMT" skipped="0" hostname="DESKTOP-5E679P0" errors="0">
  <testcase name="loginApp" time="4.763" classname="com.learnautomation.testcases.LoginTestCRM"/>
</testsuite> <!-- com.learnautomation.testcases.LoginTestCRM -->
