<?xml version="1.0" encoding="UTF-8"?>
<!-- Generated by org.testng.reporters.JUnitReportReporter -->
<testsuite name="com.learnautomation.testcases.LoginTestCRM" tests="1" time="3.081" ignored="0" failures="0" timestamp="23 Dec 2020 18:52:00 GMT" skipped="0" hostname="DESKTOP-5E679P0" errors="0">
  <testcase name="loginApp" time="3.081" classname="com.learnautomation.testcases.LoginTestCRM"/>
</testsuite> <!-- com.learnautomation.testcases.LoginTestCRM -->
